{
  "RSpec": {
    "coverage": {
      "/Users/robinclowers/src/blackjack/lib/blackjack/board.rb": [
        1,
        1,
        1,
        15,
        null,
        null,
        1,
        0,
        0,
        null,
        null,
        1,
        0,
        0,
        null,
        null,
        1,
        0,
        0,
        0,
        null,
        null,
        null
      ],
      "/Users/robinclowers/src/blackjack/lib/blackjack/player.rb": [
        1,
        1,
        1,
        null,
        1,
        45,
        45,
        45,
        null,
        null,
        1,
        23,
        null,
        null,
        1,
        8,
        8,
        18,
        18,
        4,
        null,
        10,
        null,
        4,
        null,
        null,
        8,
        8,
        null,
        null,
        1,
        2,
        null,
        null,
        1,
        2,
        null,
        null,
        1,
        3,
        null,
        null,
        1,
        3,
        null,
        null,
        1,
        2,
        null,
        2,
        2,
        2,
        2,
        1,
        null,
        1,
        null,
        null,
        null,
        null,
        null
      ],
      "/Users/robinclowers/src/blackjack/lib/blackjack/dealer.rb": [
        1,
        1,
        1,
        18,
        null,
        1,
        1,
        null,
        1,
        2,
        1,
        null,
        1,
        null,
        null,
        null,
        null
      ],
      "/Users/robinclowers/src/blackjack/lib/blackjack/game.rb": [
        1,
        1,
        1,
        null,
        1,
        15,
        15,
        15,
        15,
        15,
        null,
        null,
        1,
        0,
        null,
        null,
        1,
        0,
        0,
        0,
        0,
        null,
        0,
        null,
        null,
        null,
        1,
        0,
        0,
        0,
        0,
        0,
        0,
        null,
        null,
        null,
        1,
        0,
        0,
        0,
        0,
        0,
        0,
        null,
        0,
        0,
        null,
        0,
        0,
        null,
        0,
        0,
        0,
        null,
        0,
        0,
        0,
        null,
        0,
        0,
        0,
        null,
        0,
        null,
        null,
        null
      ],
      "/Users/robinclowers/src/blackjack/spec/blackjack/dealer_spec.rb": [
        1,
        null,
        1,
        1,
        3,
        3,
        3,
        3,
        3,
        3,
        3,
        null,
        null,
        1,
        1,
        1,
        1,
        1,
        1,
        null,
        1,
        1,
        1,
        1,
        1,
        1,
        null,
        null,
        null,
        1,
        1,
        1,
        1,
        null,
        null,
        null
      ],
      "/Users/robinclowers/src/blackjack/spec/blackjack/game_spec.rb": [
        1,
        null,
        1,
        1,
        1,
        1,
        null,
        null,
        1,
        1,
        1,
        null,
        null,
        null
      ],
      "/Users/robinclowers/src/blackjack/spec/blackjack/player_spec.rb": [
        1,
        null,
        1,
        1,
        11,
        11,
        11,
        11,
        11,
        11,
        11,
        null,
        12,
        null,
        null,
        1,
        1,
        1,
        null,
        null,
        1,
        1,
        null,
        null,
        null,
        1,
        1,
        1,
        1,
        1,
        1,
        1,
        null,
        null,
        null,
        1,
        1,
        1,
        1,
        1,
        null,
        1,
        1,
        1,
        1,
        null,
        null,
        null,
        1,
        1,
        1,
        1,
        1,
        1,
        null,
        1,
        1,
        1,
        1,
        null,
        null,
        null,
        1,
        1,
        1,
        1,
        null,
        null,
        null,
        1,
        1,
        1,
        1,
        null,
        null,
        null,
        null,
        1,
        1,
        1,
        1,
        null,
        null,
        1,
        null,
        2,
        1,
        1,
        null,
        null,
        null
      ]
    },
    "timestamp": 1450757005
  }
}
